<?xml version="1.0" encoding="UTF-8"?>
<beans xmlns         = "http://www.springframework.org/schema/beans"
	   xmlns:xsi     = "http://www.w3.org/2001/XMLSchema-instance"
	   xmlns:mvc     = "http://www.springframework.org/schema/mvc"
	   xmlns:beans   = "http://www.springframework.org/schema/beans"
	   xmlns:context = "http://www.springframework.org/schema/context"
	   xmlns:tx      = "http://www.springframework.org/schema/tx"
	   xsi:schemaLocation = "http://www.springframework.org/schema/mvc
	                         http://www.springframework.org/schema/mvc/spring-mvc-3.2.xsd
						     http://www.springframework.org/schema/beans
						     http://www.springframework.org/schema/beans/spring-beans.xsd
						     http://www.springframework.org/schema/tx
						     http://www.springframework.org/schema/tx/spring-tx-3.2.xsd
						     http://www.springframework.org/schema/context
						     http://www.springframework.org/schema/context/spring-context-3.2.xsd">
	    
	<mvc:annotation-driven />
	
	<!-- Activates scanning of @Autowired -->
	<context:annotation-config />
	
	<!-- Scan classpath for annotations (@Service, @Repository etc) -->
	<context:component-scan base-package = "com.yorku.Hajus" />

	<!-- JDBC Data Source. -->
	<bean id = "dataSource"
		  class = "org.apache.commons.dbcp.BasicDataSource"
		  destroy-method = "close">
		<property name = "driverClassName" value = "com.mysql.jdbc.Driver" />
		<property name = "url"             value = "jdbc:mysql://localhost:3306/hajusarh" />
		<property name = "username"        value = "root" />
		<property name = "password"        value = "" />
	</bean>

	<!-- Hibernate Session Factory -->
	<bean id = "sessionFactory"
		  class = "org.springframework.orm.hibernate4.LocalSessionFactoryBean">
		<property name = "dataSource"     ref   = "dataSource" />
		<property name = "packagesToScan" value = "com.yorku.Hajus" />
		<property name="hibernateProperties">
	        <props>
	            <prop key="hibernate.dialect">org.hibernate.dialect.MySQL5Dialect</prop>
	            <prop key="hibernate.current_session_context_class">org.springframework.orm.hibernate4.SpringSessionContext</prop>
			</props>
		</property>
	</bean>

	<!-- Hibernate Transaction Manager -->
	<bean id = "transactionManager"
		class = "org.springframework.orm.hibernate4.HibernateTransactionManager">
		<property name = "sessionFactory" ref = "sessionFactory" />
	</bean>

	<!-- Activates annotation based transaction management -->
	<tx:annotation-driven transaction-manager = "transactionManager" />
	
	<!-- Validation message -->
	<bean id = "messageSource"
		class = "org.springframework.context.support.ResourceBundleMessageSource">
	    <property name = "basename" value = "messages"/>
	</bean>
</beans>